<?xml version="1.0" encoding="UTF-8"?>
<!-- Generated by org.testng.reporters.JUnitReportReporter -->
<testsuite hostname="BLRKEC315319D" name="TestNGtopics.ParallelExecution" tests="8" failures="0" timestamp="16 Jul 2019 04:53:44 GMT" time="37.041" errors="0">
  <testcase name="session1" time="3.274" classname="TestNGtopics.ParallelExecution"/>
  <testcase name="session3" time="4.513" classname="TestNGtopics.ParallelExecution"/>
  <testcase name="session5" time="4.186" classname="TestNGtopics.ParallelExecution"/>
  <testcase name="session2" time="3.955" classname="TestNGtopics.ParallelExecution"/>
  <testcase name="session7" time="4.527" classname="TestNGtopics.ParallelExecution"/>
  <testcase name="session4" time="4.876" classname="TestNGtopics.ParallelExecution"/>
  <testcase name="session8" time="5.619" classname="TestNGtopics.ParallelExecution"/>
  <testcase name="session6" time="6.091" classname="TestNGtopics.ParallelExecution"/>
</testsuite> <!-- TestNGtopics.ParallelExecution -->
