<?xml version="1.0" encoding="UTF-8"?>
<!-- Generated by org.testng.reporters.JUnitReportReporter -->
<testsuite hostname="BLRKEC315319D" name="TestNGtopics.TestNgPrac" tests="1" failures="0" timestamp="8 Jul 2019 05:07:15 GMT" time="0.040" errors="0">
  <testcase name="method1" time="0.040" classname="TestNGtopics.TestNgPrac"/>
</testsuite> <!-- TestNGtopics.TestNgPrac -->
