<?xml version="1.0" encoding="UTF-8"?>
<!-- Generated by org.testng.reporters.JUnitReportReporter -->
<testsuite hostname="BLRKEC315319D" name="TestNGtopics.NewTest" tests="3" failures="0" timestamp="16 Jul 2019 04:53:44 GMT" time="0.016" errors="0">
  <testcase name="test1" time="0.000" classname="TestNGtopics.NewTest"/>
  <testcase name="test2" time="0.016" classname="TestNGtopics.NewTest"/>
  <testcase name="test3" time="0.000" classname="TestNGtopics.NewTest"/>
</testsuite> <!-- TestNGtopics.NewTest -->
