<?xml version="1.0" encoding="UTF-8"?>
<!-- Generated by org.testng.reporters.JUnitReportReporter -->
<testsuite hostname="BLRKEC315319D" name="TestNGtopics.ClassA" tests="4" failures="0" timestamp="19 Jul 2019 12:21:08 GMT" time="0.045" errors="0">
  <testcase name="method5" time="0.005" classname="TestNGtopics.ClassA"/>
  <testcase name="method1" time="0.029" classname="TestNGtopics.ClassA"/>
  <testcase name="method2" time="0.007" classname="TestNGtopics.ClassA"/>
  <testcase name="method6" time="0.004" classname="TestNGtopics.ClassA"/>
</testsuite> <!-- TestNGtopics.ClassA -->
