<?xml version="1.0" encoding="UTF-8"?>
<!-- Generated by org.testng.reporters.JUnitReportReporter -->
<testsuite hostname="BLRKEC315319D" name="TestNGtopics.ClassB" tests="5" failures="0" timestamp="19 Jul 2019 12:51:31 GMT" time="0.045" errors="0">
  <testcase name="method6" time="0.006" classname="TestNGtopics.ClassB"/>
  <testcase name="method5" time="0.023" classname="TestNGtopics.ClassB"/>
  <testcase name="method0" time="0.004" classname="TestNGtopics.ClassB"/>
  <testcase name="method1" time="0.004" classname="TestNGtopics.ClassB"/>
  <testcase name="method2" time="0.008" classname="TestNGtopics.ClassB"/>
</testsuite> <!-- TestNGtopics.ClassB -->
