<?xml version="1.0" encoding="UTF-8"?>
<!-- Generated by org.testng.reporters.JUnitReportReporter -->
<testsuite hostname="BLRKEC315319D" name="TestNGtopics.Priority" tests="4" failures="0" timestamp="16 Jul 2019 04:53:44 GMT" time="0.031" errors="0">
  <testcase name="method4" time="0.000" classname="TestNGtopics.Priority"/>
  <testcase name="method3" time="0.016" classname="TestNGtopics.Priority"/>
  <testcase name="method2" time="0.015" classname="TestNGtopics.Priority"/>
  <testcase name="method1" time="0.000" classname="TestNGtopics.Priority"/>
</testsuite> <!-- TestNGtopics.Priority -->
