<?xml version="1.0" encoding="UTF-8"?>
<!-- Generated by org.testng.reporters.JUnitReportReporter -->
<testsuite hostname="BLRKEC315319D" name="TestNGtopics.SampleA$SampleOuter" tests="1" failures="0" timestamp="16 Jul 2019 04:53:44 GMT" time="0.000" errors="0">
  <testcase name="method2" time="0.000" classname="TestNGtopics.SampleA$SampleOuter"/>
</testsuite> <!-- TestNGtopics.SampleA$SampleOuter -->
