<?xml version="1.0" encoding="UTF-8"?>
<!-- Generated by org.testng.reporters.JUnitReportReporter -->
<testsuite hostname="BLRKEC315319D" failures="0" tests="2" name="TestNGPractise.RunningFlow" time="0.022" errors="0" timestamp="9 Dec 2019 04:46:55 GMT">
  <testcase classname="TestNGPractise.RunningFlow" name="Test2" time="0.008"/>
  <testcase classname="TestNGPractise.RunningFlow" name="Test1" time="0.014"/>
</testsuite> <!-- TestNGPractise.RunningFlow -->
